<?xml version="1.0" encoding="UTF-8"?>
<!-- Generated by org.testng.reporters.JUnitReportReporter -->
<testsuite hostname="IITC-WS-QA05" name="test.TestLogIn" tests="1" failures="0" timestamp="27 Jan 2017 09:32:53 GMT" time="418.763" errors="0">
  <testcase name="tabredirectiontest" time="418.763" classname="test.TestLogIn"/>
</testsuite> <!-- test.TestLogIn -->
